<?xml version="1.0" encoding="UTF-8"?>
<!-- Generated by org.testng.reporters.JUnitReportReporter -->
<testsuite hostname="TYSS-Piyush-Baldaniya" failures="0" tests="1" name="testNG.ConfigureAnn" time="0.009" errors="0" timestamp="2025-06-24T13:06:40 IST" skipped="0">
  <testcase classname="testNG.ConfigureAnn" name="case1" time="0.009"/>
</testsuite> <!-- testNG.ConfigureAnn -->
