<?xml version="1.0" encoding="UTF-8"?>
<!-- Generated by org.testng.reporters.JUnitReportReporter -->
<testsuite hostname="TYSS-Piyush-Baldaniya" failures="0" tests="1" name="parallel.P1" time="0.017" errors="0" timestamp="2025-06-25T14:03:14 IST" skipped="0">
  <testcase classname="parallel.P1" name="createOrgTest" time="0.017"/>
</testsuite> <!-- parallel.P1 -->
