<?xml version="1.0" encoding="UTF-8"?>
<!-- Generated by org.testng.reporters.JUnitReportReporter -->
<testsuite hostname="TYSS-Piyush-Baldaniya" failures="0" tests="5" name="testNG.WorkingWithDP" time="0.020" errors="0" timestamp="2025-06-25T13:07:08 IST" skipped="0">
  <testcase classname="testNG.WorkingWithDP" name="writeNames" time="0.002"/>
  <testcase classname="testNG.WorkingWithDP" name="writeNames" time="0.003"/>
  <testcase classname="testNG.WorkingWithDP" name="writeNames" time="0.002"/>
  <testcase classname="testNG.WorkingWithDP" name="writeNames" time="0.010"/>
  <testcase classname="testNG.WorkingWithDP" name="writeNames" time="0.003"/>
</testsuite> <!-- testNG.WorkingWithDP -->
