<?xml version="1.0" encoding="UTF-8"?>
<!-- Generated by org.testng.reporters.JUnitReportReporter -->
<testsuite hostname="TYSS-Piyush-Baldaniya" failures="0" tests="5" name="extra.Demo1" time="0.017" errors="0" timestamp="2025-06-23T14:27:52 IST" skipped="0">
  <testcase classname="extra.Demo1" name="main3" time="0.003"/>
  <testcase classname="extra.Demo1" name="main2" time="0.004"/>
  <testcase classname="extra.Demo1" name="main5" time="0.002"/>
  <testcase classname="extra.Demo1" name="main1" time="0.005">
    <system-out>
      <![CDATA[Report vala case1]]>
    </system-out>
  </testcase> <!-- main1 -->
  <testcase classname="extra.Demo1" name="main4" time="0.003"/>
  <system-out>
    <![CDATA[Report vala case1]]>
  </system-out>
</testsuite> <!-- extra.Demo1 -->
