<?xml version="1.0" encoding="UTF-8"?>
<!-- Generated by org.testng.reporters.JUnitReportReporter -->
<testsuite hostname="TYSS-Piyush-Baldaniya" failures="0" tests="1" name="testNG.WorkingWithAssertion" time="0.019" errors="0" timestamp="2025-06-24T14:06:45 IST" skipped="0">
  <testcase classname="testNG.WorkingWithAssertion" name="WorkingWithAssert" time="0.019"/>
</testsuite> <!-- testNG.WorkingWithAssertion -->
