<?xml version="1.0" encoding="UTF-8"?>
<!-- Generated by org.testng.reporters.JUnitReportReporter -->
<testsuite hostname="TYSS-Piyush-Baldaniya" failures="0" tests="5" name="extra.Demo2" time="0.032" errors="0" timestamp="2025-06-23T14:27:52 IST" skipped="0">
  <testcase classname="extra.Demo2" name="case3" time="0.006"/>
  <testcase classname="extra.Demo2" name="case2" time="0.003"/>
  <testcase classname="extra.Demo2" name="case1" time="0.016"/>
  <testcase classname="extra.Demo2" name="case5" time="0.005"/>
  <testcase classname="extra.Demo2" name="case4" time="0.002"/>
  <system-out>
    <![CDATA[Report vala case1]]>
  </system-out>
</testsuite> <!-- extra.Demo2 -->
