<?xml version="1.0" encoding="UTF-8"?>
<!-- Generated by org.testng.reporters.JUnitReportReporter -->
<testsuite hostname="TYSS-Piyush-Baldaniya" failures="0" tests="1" name="parallel.P3" time="0.002" errors="0" timestamp="2025-06-25T14:03:14 IST" skipped="0">
  <testcase classname="parallel.P3" name="createLeadstest" time="0.002"/>
</testsuite> <!-- parallel.P3 -->
