<?xml version="1.0" encoding="UTF-8"?>
<!-- Generated by org.testng.reporters.JUnitReportReporter -->
<testsuite hostname="TYSS-Piyush-Baldaniya" failures="0" tests="3" name="com.crm.vtiger.organization.CreateOrgTest" time="34.758" errors="0" timestamp="2025-06-23T13:51:42 IST" skipped="0">
  <testcase classname="com.crm.vtiger.organization.CreateOrgTest" name="createOrgWithIndustry" time="4.360"/>
  <testcase classname="com.crm.vtiger.organization.CreateOrgTest" name="createOrgWithPhoneNum" time="4.311"/>
  <testcase classname="com.crm.vtiger.organization.CreateOrgTest" name="createOrgTest" time="26.087"/>
</testsuite> <!-- com.crm.vtiger.organization.CreateOrgTest -->
