<?xml version="1.0" encoding="UTF-8"?>
<!-- Generated by org.testng.reporters.JUnitReportReporter -->
<testsuite hostname="TYSS-Piyush-Baldaniya" failures="0" tests="3" name="testNG.HelperAttributes" time="0.018" errors="0" timestamp="2025-06-25T12:57:08 IST" skipped="0">
  <testcase classname="testNG.HelperAttributes" name="deleteCity" time="0.003"/>
  <testcase classname="testNG.HelperAttributes" name="modifyCity" time="0.001"/>
  <testcase classname="testNG.HelperAttributes" name="createCity" time="0.014"/>
</testsuite> <!-- testNG.HelperAttributes -->
