<?xml version="1.0" encoding="UTF-8"?>
<!-- Generated by org.testng.reporters.JUnitReportReporter -->
<testsuite hostname="TYSS-Piyush-Baldaniya" failures="0" tests="1" name="parallel.P1" time="6.230" errors="0" timestamp="2025-06-23T14:46:16 IST" skipped="0">
  <testcase classname="parallel.P1" name="createOrgTest" time="6.230"/>
</testsuite> <!-- parallel.P1 -->
